"Start of log file."
"C:/Users/CV-Sven/Dropbox/Projects/MAAS-V~1/src/trunk/Unity/Assets/Models/youBot/youBase.max"
"Starting max loading and fbx conversion"
window = undefined
"Settings units"
"Before fbx export"
"After fbx export"
"Finished max loading and fbx conversion"
"C:/Users/CV-Sven/Dropbox/Projects/MAAS-V~1/src/trunk/Unity/Assets/Models/youBot/youBase.max"
"Starting max loading and fbx conversion"
window = undefined
"Settings units"
"Before fbx export"
"After fbx export"
"Finished max loading and fbx conversion"
"C:/Users/CV-Sven/Dropbox/Projects/MAAS-V~1/src/trunk/Unity/Assets/Models/youBot/YOUBOT~3.MAX"
"Starting max loading and fbx conversion"
window = undefined
"Settings units"
"Before fbx export"
"After fbx export"
"Finished max loading and fbx conversion"
"C:/Users/CV-Sven/Dropbox/Projects/MAAS-V~1/src/trunk/Unity/Assets/Models/youBot/YOUBOT~3.MAX"
"Starting max loading and fbx conversion"
window = undefined
"Settings units"
"Before fbx export"
"After fbx export"
"Finished max loading and fbx conversion"
"C:/Users/CV-Sven/Dropbox/Projects/MAAS-V~1/src/trunk/Unity/Assets/Models/youBot/YOUBOT~3.MAX"
"Starting max loading and fbx conversion"
window = undefined
"Settings units"
"Before fbx export"
"After fbx export"
"Finished max loading and fbx conversion"
"C:/Users/CV-Sven/Dropbox/Projects/MAAS-V~1/src/trunk/Unity/Assets/Models/youBot/YOUBOT~3.MAX"
"Starting max loading and fbx conversion"
window = undefined
"Settings units"
"Before fbx export"
"After fbx export"
"Finished max loading and fbx conversion"
"C:/Users/CV-Sven/Dropbox/Projects/MAAS-V~1/src/trunk/Unity/Assets/Models/youBot/YOUBOT~3.MAX"
"Starting max loading and fbx conversion"
window = undefined
"Settings units"
"Before fbx export"
"After fbx export"
"Finished max loading and fbx conversion"
